<?xml version="1.0" encoding="UTF-8"?>
<robot generator="Robot 7.4.2 (Python 3.12.3 on linux)" generated="2026-06-18T14:58:20.050402" rpa="false" schemaversion="5">
<suite id="s1" name="Integracao Auditoria" source="/home/guilherme/Documentos/elderly/teste_interface_GUILHERME/integracao_auditoria/integracao_auditoria.robot">
<kw name="Dado que o cuidador acessa e faz login no sistema" type="SETUP">
<kw name="Open Browser" owner="SeleniumLibrary">
<msg time="2026-06-18T14:58:20.277591" level="INFO">Opening browser 'chrome' to base url 'http://localhost:5173'.</msg>
<arg>${URL}</arg>
<arg>${BROWSER}</arg>
<arg>options=${OPCOES}</arg>
<doc>Opens a new browser instance to the optional ``url``.</doc>
<status status="PASS" start="2026-06-18T14:58:20.277116" elapsed="0.925641"/>
</kw>
<kw name="Maximize Browser Window" owner="SeleniumLibrary">
<doc>Maximizes current browser window.</doc>
<status status="PASS" start="2026-06-18T14:58:21.202978" elapsed="0.032205"/>
</kw>
<kw name="Wait Until Element Is Visible" owner="SeleniumLibrary">
<arg>${INPUT_EMAIL}</arg>
<arg>10s</arg>
<doc>Waits until the element ``locator`` is visible.</doc>
<status status="PASS" start="2026-06-18T14:58:21.235434" elapsed="0.020852"/>
</kw>
<kw name="Input Text" owner="SeleniumLibrary">
<msg time="2026-06-18T14:58:21.256891" level="INFO">Typing text 'ana@elderly.com' into text field 'id=email'.</msg>
<arg>${INPUT_EMAIL}</arg>
<arg>ana@elderly.com</arg>
<doc>Types the given ``text`` into the text field identified by ``locator``.</doc>
<status status="PASS" start="2026-06-18T14:58:21.256494" elapsed="0.179324"/>
</kw>
<kw name="Input Password" owner="SeleniumLibrary">
<msg time="2026-06-18T14:58:21.436378" level="INFO">Typing password into text field 'id=senha'.</msg>
<msg time="2026-06-18T14:58:21.466073" level="INFO">Temporally setting log level to: NONE</msg>
<arg>${INPUT_SENHA}</arg>
<arg>123456</arg>
<doc>Types the given password into the text field identified by ``locator``.</doc>
<status status="PASS" start="2026-06-18T14:58:21.436073" elapsed="0.091952"/>
</kw>
<kw name="Click Element" owner="SeleniumLibrary">
<msg time="2026-06-18T14:58:21.528582" level="INFO">Clicking element 'id=btnLogin'.</msg>
<arg>${BTN_LOGIN}</arg>
<doc>Click the element identified by ``locator``.</doc>
<status status="PASS" start="2026-06-18T14:58:21.528318" elapsed="0.066822"/>
</kw>
<kw name="Wait Until Element Is Visible" owner="SeleniumLibrary">
<arg>${BTN_TOMAR}</arg>
<arg>10s</arg>
<doc>Waits until the element ``locator`` is visible.</doc>
<status status="PASS" start="2026-06-18T14:58:21.595353" elapsed="0.299121"/>
</kw>
<status status="PASS" start="2026-06-18T14:58:20.276322" elapsed="1.618383"/>
</kw>
<test id="s1-t1" name="Web 01: Acao no Dashboard reflete na tela de Auditoria" line="17">
<kw name="Quando registro uma dose no dashboard">
<kw name="Execute Javascript" owner="SeleniumLibrary">
<msg time="2026-06-18T14:58:21.895955" level="INFO">Executing JavaScript:
document.getElementById("btnTomar-1").click()
Without any arguments.</msg>
<arg>document.getElementById("btnTomar-1").click()</arg>
<doc>Executes the given JavaScript code with possible arguments.</doc>
<status status="PASS" start="2026-06-18T14:58:21.895806" elapsed="0.005419"/>
</kw>
<kw name="Sleep" owner="BuiltIn">
<msg time="2026-06-18T14:58:22.901949" level="INFO">Slept 1 second.</msg>
<arg>1s</arg>
<doc>Pauses the test executed for the given time.</doc>
<status status="PASS" start="2026-06-18T14:58:21.901400" elapsed="1.000819"/>
</kw>
<status status="PASS" start="2026-06-18T14:58:21.895540" elapsed="1.006937"/>
</kw>
<kw name="E acesso a aba Auditoria no menu superior">
<kw name="Execute Javascript" owner="SeleniumLibrary">
<msg time="2026-06-18T14:58:22.905315" level="INFO">Executing JavaScript:
document.getElementById("navAuditoria").click()
Without any arguments.</msg>
<arg>document.getElementById("navAuditoria").click()</arg>
<doc>Executes the given JavaScript code with possible arguments.</doc>
<status status="PASS" start="2026-06-18T14:58:22.905075" elapsed="0.062637"/>
</kw>
<status status="PASS" start="2026-06-18T14:58:22.902918" elapsed="0.065025"/>
</kw>
<kw name="Entao a tela de auditoria e exibida com o historico">
<kw name="Wait Until Page Contains" owner="SeleniumLibrary">
<arg>Log de Auditoria</arg>
<arg>10s</arg>
<doc>Waits until ``text`` appears on the current page.</doc>
<status status="PASS" start="2026-06-18T14:58:22.968770" elapsed="0.155898"/>
</kw>
<kw name="Page Should Contain" owner="SeleniumLibrary">
<msg time="2026-06-18T14:58:23.162207" level="INFO">Current page contains text 'registros auditados'.</msg>
<arg>registros auditados</arg>
<doc>Verifies that current page contains ``text``.</doc>
<status status="PASS" start="2026-06-18T14:58:23.125068" elapsed="0.037342"/>
</kw>
<kw name="Page Should Contain" owner="SeleniumLibrary">
<msg time="2026-06-18T14:58:23.196454" level="INFO">Current page contains text 'Losartana'.</msg>
<arg>Losartana</arg>
<doc>Verifies that current page contains ``text``.</doc>
<status status="PASS" start="2026-06-18T14:58:23.162812" elapsed="0.033858"/>
</kw>
<status status="PASS" start="2026-06-18T14:58:22.968251" elapsed="0.228644"/>
</kw>
<doc>Tabela de Decisao / Teste de Integracao: registrar uma dose no Dashboard e validar que o evento passa a constar no Log de Auditoria.</doc>
<tag>auditoria</tag>
<tag>integracao</tag>
<status status="PASS" start="2026-06-18T14:58:21.894813" elapsed="1.302348"/>
</test>
<kw name="Close Browser" owner="SeleniumLibrary" type="TEARDOWN">
<doc>Closes the current browser.</doc>
<status status="PASS" start="2026-06-18T14:58:23.198248" elapsed="0.217850"/>
</kw>
<status status="PASS" start="2026-06-18T14:58:20.051292" elapsed="3.364980"/>
</suite>
<statistics>
<total>
<stat pass="1" fail="0" skip="0">All Tests</stat>
</total>
<tag>
<stat pass="1" fail="0" skip="0">auditoria</stat>
<stat pass="1" fail="0" skip="0">integracao</stat>
</tag>
<suite>
<stat name="Integracao Auditoria" id="s1" pass="1" fail="0" skip="0">Integracao Auditoria</stat>
</suite>
</statistics>
<errors>
</errors>
</robot>
